<?xml version="1.0" encoding="UTF-8"?>
<Site BuildName="Linux-x86_64-linux-gnu-g++-9"
	BuildStamp="20210914-1801-Experimental"
	Name="SkyNet"
	Generator="ctest-3.16.3"
	CompilerName="/bin/x86_64-linux-gnu-g++-9"
	CompilerVersion="9.3.0"
	OSName="Linux"
	Hostname="SkyNet"
	OSRelease="5.11.0-34-generic"
	OSVersion="#36~20.04.1-Ubuntu SMP Fri Aug 27 08:06:32 UTC 2021"
	OSPlatform="x86_64"
	Is64Bits="1"
	VendorString="AuthenticAMD"
	VendorID="Advanced Micro Devices"
	FamilyID="23"
	ModelID="113"
	ProcessorCacheSize="512"
	NumberOfLogicalCPU="8"
	NumberOfPhysicalCPU="4"
	TotalVirtualMemory="2047"
	TotalPhysicalMemory="16014"
	LogicalProcessorsPerPhysical="2"
	ProcessorClockFrequency="3478.1"
	>
	<Testing>
		<StartDateTime>Sep 14 15:01 -03</StartDateTime>
		<StartTestTime>1631642514</StartTestTime>
		<TestList/>
		<EndDateTime>Sep 14 15:01 -03</EndDateTime>
		<EndTestTime>1631642514</EndTestTime>
		<ElapsedMinutes>0</ElapsedMinutes>
	</Testing>
</Site>
